2021/05/02 20:30:35 [stderr] 21253: nginx: CSocekt::Initialize()中bind()失败,i=0. (13: Permission denied) 
2021/05/02 20:30:35 [stderr] 21253: nginx: 程序退出，再见了!
2021/05/02 20:31:36 [info] 21468: 监听8888端口成功!
2021/05/02 20:31:36 [notice] 21469: master process ./nginx 21469 【master进程】启动并开始运行......!
2021/05/02 20:31:37 [notice] 21470: worker process 21470 【worker进程】启动并开始运行......!
2021/05/02 20:32:14 [stderr] 21470: nginx: ------------------------------------begin--------------------------------------
2021/05/02 20:32:14 [stderr] 21470: nginx: 当前在线人数/总人数(1/2048)。
2021/05/02 20:32:14 [stderr] 21470: nginx: 连接池中空闲连接/总连接/要释放的连接(2046/2048/0)。
2021/05/02 20:32:14 [stderr] 21470: nginx: 当前时间队列大小(1)。
2021/05/02 20:32:14 [stderr] 21470: nginx: 当前收消息队列/发消息队列大小分别为(0/0)，丢弃的待发送数据包数量为0。
2021/05/02 20:32:14 [stderr] 21470: nginx: -------------------------------------end---------------------------------------
2021/05/02 20:32:35 [stderr] 21470: nginx: ------------------------------------begin--------------------------------------
2021/05/02 20:32:35 [stderr] 21470: nginx: 当前在线人数/总人数(1/2048)。
2021/05/02 20:32:35 [stderr] 21470: nginx: 连接池中空闲连接/总连接/要释放的连接(2045/2048/1)。
2021/05/02 20:32:35 [stderr] 21470: nginx: 当前时间队列大小(1)。
2021/05/02 20:32:35 [stderr] 21470: nginx: 当前收消息队列/发消息队列大小分别为(0/0)，丢弃的待发送数据包数量为0。
2021/05/02 20:32:35 [stderr] 21470: nginx: -------------------------------------end---------------------------------------
2021/05/02 20:32:48 [stderr] 21470: nginx: ------------------------------------begin--------------------------------------
2021/05/02 20:32:48 [stderr] 21470: nginx: 当前在线人数/总人数(3/2048)。
2021/05/02 20:32:48 [stderr] 21470: nginx: 连接池中空闲连接/总连接/要释放的连接(2043/2048/1)。
2021/05/02 20:32:48 [stderr] 21470: nginx: 当前时间队列大小(3)。
2021/05/02 20:32:48 [stderr] 21470: nginx: 当前收消息队列/发消息队列大小分别为(0/0)，丢弃的待发送数据包数量为0。
2021/05/02 20:32:48 [stderr] 21470: nginx: -------------------------------------end---------------------------------------
2021/05/02 20:33:21 [stderr] 21470: nginx: ------------------------------------begin--------------------------------------
2021/05/02 20:33:21 [stderr] 21470: nginx: 当前在线人数/总人数(1/2048)。
2021/05/02 20:33:21 [stderr] 21470: nginx: 连接池中空闲连接/总连接/要释放的连接(2043/2048/3)。
2021/05/02 20:33:21 [stderr] 21470: nginx: 当前时间队列大小(1)。
2021/05/02 20:33:21 [stderr] 21470: nginx: 当前收消息队列/发消息队列大小分别为(0/0)，丢弃的待发送数据包数量为0。
2021/05/02 20:33:21 [stderr] 21470: nginx: -------------------------------------end---------------------------------------
2021/05/02 20:33:39 [stderr] 21470: nginx: ------------------------------------begin--------------------------------------
2021/05/02 20:33:39 [stderr] 21470: nginx: 当前在线人数/总人数(1/2048)。
2021/05/02 20:33:39 [stderr] 21470: nginx: 连接池中空闲连接/总连接/要释放的连接(2042/2048/4)。
2021/05/02 20:33:39 [stderr] 21470: nginx: 当前时间队列大小(1)。
2021/05/02 20:33:39 [stderr] 21470: nginx: 当前收消息队列/发消息队列大小分别为(0/0)，丢弃的待发送数据包数量为0。
2021/05/02 20:33:39 [stderr] 21470: nginx: -------------------------------------end---------------------------------------
2021/05/02 20:34:09 [stderr] 21470: nginx: ------------------------------------begin--------------------------------------
2021/05/02 20:34:09 [stderr] 21470: nginx: 当前在线人数/总人数(1/2048)。
2021/05/02 20:34:09 [stderr] 21470: nginx: 连接池中空闲连接/总连接/要释放的连接(2041/2048/5)。
2021/05/02 20:34:09 [stderr] 21470: nginx: 当前时间队列大小(1)。
2021/05/02 20:34:09 [stderr] 21470: nginx: 当前收消息队列/发消息队列大小分别为(0/0)，丢弃的待发送数据包数量为0。
2021/05/02 20:34:09 [stderr] 21470: nginx: -------------------------------------end---------------------------------------
2021/05/02 20:34:52 [stderr] 21470: nginx: ------------------------------------begin--------------------------------------
2021/05/02 20:34:52 [stderr] 21470: nginx: 当前在线人数/总人数(1/2048)。
2021/05/02 20:34:52 [stderr] 21470: nginx: 连接池中空闲连接/总连接/要释放的连接(2040/2048/6)。
2021/05/02 20:34:52 [stderr] 21470: nginx: 当前时间队列大小(1)。
2021/05/02 20:34:52 [stderr] 21470: nginx: 当前收消息队列/发消息队列大小分别为(0/0)，丢弃的待发送数据包数量为0。
2021/05/02 20:34:52 [stderr] 21470: nginx: -------------------------------------end---------------------------------------
2021/05/02 20:36:05 [stderr] 21470: nginx: ------------------------------------begin--------------------------------------
2021/05/02 20:36:05 [stderr] 21470: nginx: 当前在线人数/总人数(0/2048)。
2021/05/02 20:36:05 [stderr] 21470: nginx: 连接池中空闲连接/总连接/要释放的连接(2043/2048/4)。
2021/05/02 20:36:05 [stderr] 21470: nginx: 当前时间队列大小(0)。
2021/05/02 20:36:05 [stderr] 21470: nginx: 当前收消息队列/发消息队列大小分别为(0/0)，丢弃的待发送数据包数量为0。
2021/05/02 20:36:05 [stderr] 21470: nginx: -------------------------------------end---------------------------------------
2021/05/04 16:55:27 [info] 8706: 监听8888端口成功!
2021/05/04 16:55:27 [notice] 8707: master process ./nginx 8707 【master进程】启动并开始运行......!
2021/05/04 16:55:28 [notice] 8708: worker process 8708 【worker进程】启动并开始运行......!
2021/05/04 16:55:42 [stderr] 8708: nginx: ------------------------------------begin--------------------------------------
2021/05/04 16:55:42 [stderr] 8708: nginx: 当前在线人数/总人数(1/2048)。
2021/05/04 16:55:42 [stderr] 8708: nginx: 连接池中空闲连接/总连接/要释放的连接(2046/2048/0)。
2021/05/04 16:55:42 [stderr] 8708: nginx: 当前时间队列大小(1)。
2021/05/04 16:55:42 [stderr] 8708: nginx: 当前收消息队列/发消息队列大小分别为(0/0)，丢弃的待发送数据包数量为0。
2021/05/04 16:55:42 [stderr] 8708: nginx: -------------------------------------end---------------------------------------
2021/05/04 16:55:54 [stderr] 8708: nginx: ------------------------------------begin--------------------------------------
2021/05/04 16:55:54 [stderr] 8708: nginx: 当前在线人数/总人数(0/2048)。
2021/05/04 16:55:54 [stderr] 8708: nginx: 连接池中空闲连接/总连接/要释放的连接(2045/2048/2)。
2021/05/04 16:55:54 [stderr] 8708: nginx: 当前时间队列大小(0)。
2021/05/04 16:55:54 [stderr] 8708: nginx: 当前收消息队列/发消息队列大小分别为(0/0)，丢弃的待发送数据包数量为0。
2021/05/04 16:55:54 [stderr] 8708: nginx: -------------------------------------end---------------------------------------
2021/05/04 16:57:09 [stderr] 8708: nginx: ------------------------------------begin--------------------------------------
2021/05/04 16:57:09 [stderr] 8708: nginx: 当前在线人数/总人数(1/2048)。
2021/05/04 16:57:09 [stderr] 8708: nginx: 连接池中空闲连接/总连接/要释放的连接(2043/2048/3)。
2021/05/04 16:57:09 [stderr] 8708: nginx: 当前时间队列大小(1)。
2021/05/04 16:57:09 [stderr] 8708: nginx: 当前收消息队列/发消息队列大小分别为(0/0)，丢弃的待发送数据包数量为0。
2021/05/04 16:57:09 [stderr] 8708: nginx: -------------------------------------end---------------------------------------
2021/05/04 16:57:21 [stderr] 8708: nginx: ------------------------------------begin--------------------------------------
2021/05/04 16:57:21 [stderr] 8708: nginx: 当前在线人数/总人数(44/2048)。
2021/05/04 16:57:21 [stderr] 8708: nginx: 连接池中空闲连接/总连接/要释放的连接(2000/2048/3)。
2021/05/04 16:57:21 [stderr] 8708: nginx: 当前时间队列大小(44)。
2021/05/04 16:57:21 [stderr] 8708: nginx: 当前收消息队列/发消息队列大小分别为(0/0)，丢弃的待发送数据包数量为0。
2021/05/04 16:57:21 [stderr] 8708: nginx: -------------------------------------end---------------------------------------
2021/05/04 16:57:56 [stderr] 8708: nginx: ------------------------------------begin--------------------------------------
2021/05/04 16:57:56 [stderr] 8708: nginx: 当前在线人数/总人数(1/2048)。
2021/05/04 16:57:56 [stderr] 8708: nginx: 连接池中空闲连接/总连接/要释放的连接(1843/2048/203)。
2021/05/04 16:57:56 [stderr] 8708: nginx: 当前时间队列大小(1)。
2021/05/04 16:57:56 [stderr] 8708: nginx: 当前收消息队列/发消息队列大小分别为(0/0)，丢弃的待发送数据包数量为0。
2021/05/04 16:57:56 [stderr] 8708: nginx: -------------------------------------end---------------------------------------
2021/05/04 16:58:13 [stderr] 8708: nginx: ------------------------------------begin--------------------------------------
2021/05/04 16:58:13 [stderr] 8708: nginx: 当前在线人数/总人数(1/2048)。
2021/05/04 16:58:13 [stderr] 8708: nginx: 连接池中空闲连接/总连接/要释放的连接(1643/2048/403)。
2021/05/04 16:58:13 [stderr] 8708: nginx: 当前时间队列大小(1)。
2021/05/04 16:58:13 [stderr] 8708: nginx: 当前收消息队列/发消息队列大小分别为(0/0)，丢弃的待发送数据包数量为0。
2021/05/04 16:58:13 [stderr] 8708: nginx: -------------------------------------end---------------------------------------
2021/05/04 16:58:24 [stderr] 8708: nginx: ------------------------------------begin--------------------------------------
2021/05/04 16:58:24 [stderr] 8708: nginx: 当前在线人数/总人数(0/2048)。
2021/05/04 16:58:24 [stderr] 8708: nginx: 连接池中空闲连接/总连接/要释放的连接(1641/2048/406)。
2021/05/04 16:58:24 [stderr] 8708: nginx: 当前时间队列大小(0)。
2021/05/04 16:58:24 [stderr] 8708: nginx: 当前收消息队列/发消息队列大小分别为(0/0)，丢弃的待发送数据包数量为0。
2021/05/04 16:58:24 [stderr] 8708: nginx: -------------------------------------end---------------------------------------
2021/05/04 16:59:06 [stderr] 8708: nginx: ------------------------------------begin--------------------------------------
2021/05/04 16:59:06 [stderr] 8708: nginx: 当前在线人数/总人数(1/2048)。
2021/05/04 16:59:06 [stderr] 8708: nginx: 连接池中空闲连接/总连接/要释放的连接(1641/2048/405)。
2021/05/04 16:59:06 [stderr] 8708: nginx: 当前时间队列大小(1)。
2021/05/04 16:59:06 [stderr] 8708: nginx: 当前收消息队列/发消息队列大小分别为(0/0)，丢弃的待发送数据包数量为0。
2021/05/04 16:59:06 [stderr] 8708: nginx: -------------------------------------end---------------------------------------
2021/05/04 16:59:17 [stderr] 8708: nginx: ------------------------------------begin--------------------------------------
2021/05/04 16:59:17 [stderr] 8708: nginx: 当前在线人数/总人数(1/2048)。
2021/05/04 16:59:17 [stderr] 8708: nginx: 连接池中空闲连接/总连接/要释放的连接(1640/2048/406)。
2021/05/04 16:59:17 [stderr] 8708: nginx: 当前时间队列大小(1)。
2021/05/04 16:59:17 [stderr] 8708: nginx: 当前收消息队列/发消息队列大小分别为(0/0)，丢弃的待发送数据包数量为0。
2021/05/04 16:59:17 [stderr] 8708: nginx: -------------------------------------end---------------------------------------
2021/05/04 16:59:41 [stderr] 8708: nginx: ------------------------------------begin--------------------------------------
2021/05/04 16:59:41 [stderr] 8708: nginx: 当前在线人数/总人数(1776/2048)。
2021/05/04 16:59:41 [stderr] 8708: nginx: 连接池中空闲连接/总连接/要释放的连接(0/2183/406)。
2021/05/04 16:59:41 [stderr] 8708: nginx: 当前时间队列大小(1776)。
2021/05/04 16:59:41 [stderr] 8708: nginx: 当前收消息队列/发消息队列大小分别为(0/0)，丢弃的待发送数据包数量为0。
2021/05/04 16:59:41 [stderr] 8708: nginx: -------------------------------------end---------------------------------------
2021/05/04 17:01:17 [info] 8884: 监听8888端口成功!
2021/05/04 17:01:17 [notice] 8885: master process ./nginx 8885 【master进程】启动并开始运行......!
2021/05/04 17:01:18 [notice] 8886: worker process 8886 【worker进程】启动并开始运行......!
2021/05/04 17:04:45 [notice] 8885: signal 17 (SIGCHLD) received from 8886
2021/05/04 17:04:45 [alert] 8885: pid = 8886 exited on signal 9!
2021/05/04 17:05:32 [info] 9037: 监听8888端口成功!
2021/05/04 17:05:32 [notice] 9038: master process ./nginx 9038 【master进程】启动并开始运行......!
2021/05/04 17:05:34 [notice] 9039: worker process 9039 【worker进程】启动并开始运行......!
2021/05/04 17:19:01 [info] 9739: 监听8888端口成功!
2021/05/04 17:19:01 [notice] 9740: master process ./nginx 9740 【master进程】启动并开始运行......!
2021/05/04 17:19:02 [notice] 9741: worker process 9741 【worker进程】启动并开始运行......!
2021/05/04 17:19:04 [stderr] 9741: nginx: ------------------------------------begin--------------------------------------
2021/05/04 17:19:04 [stderr] 9741: nginx: 当前在线人数/总人数(1/20480)。
2021/05/04 17:19:04 [stderr] 9741: nginx: 连接池中空闲连接/总连接/要释放的连接(20478/20480/0)。
2021/05/04 17:19:04 [stderr] 9741: nginx: 当前时间队列大小(1)。
2021/05/04 17:19:04 [stderr] 9741: nginx: 当前收消息队列/发消息队列大小分别为(0/0)，丢弃的待发送数据包数量为0。
2021/05/04 17:19:04 [stderr] 9741: nginx: -------------------------------------end---------------------------------------
2021/05/04 17:19:25 [stderr] 9741: nginx: ------------------------------------begin--------------------------------------
2021/05/04 17:19:25 [stderr] 9741: nginx: 当前在线人数/总人数(1/20480)。
2021/05/04 17:19:25 [stderr] 9741: nginx: 连接池中空闲连接/总连接/要释放的连接(20477/20480/1)。
2021/05/04 17:19:25 [stderr] 9741: nginx: 当前时间队列大小(1)。
2021/05/04 17:19:25 [stderr] 9741: nginx: 当前收消息队列/发消息队列大小分别为(0/0)，丢弃的待发送数据包数量为0。
2021/05/04 17:19:25 [stderr] 9741: nginx: -------------------------------------end---------------------------------------
2021/05/04 17:19:36 [stderr] 9741: nginx: ------------------------------------begin--------------------------------------
2021/05/04 17:19:36 [stderr] 9741: nginx: 当前在线人数/总人数(1925/20480)。
2021/05/04 17:19:36 [stderr] 9741: nginx: 连接池中空闲连接/总连接/要释放的连接(18553/20480/1)。
2021/05/04 17:19:36 [stderr] 9741: nginx: 当前时间队列大小(1925)。
2021/05/04 17:19:36 [stderr] 9741: nginx: 当前收消息队列/发消息队列大小分别为(0/0)，丢弃的待发送数据包数量为0。
2021/05/04 17:19:36 [stderr] 9741: nginx: -------------------------------------end---------------------------------------
2021/05/04 17:19:48 [stderr] 9741: nginx: ------------------------------------begin--------------------------------------
2021/05/04 17:19:48 [stderr] 9741: nginx: 当前在线人数/总人数(1555/20480)。
2021/05/04 17:19:48 [stderr] 9741: nginx: 连接池中空闲连接/总连接/要释放的连接(18541/20480/383)。
2021/05/04 17:19:48 [stderr] 9741: nginx: 当前时间队列大小(1555)。
2021/05/04 17:19:48 [stderr] 9741: nginx: 当前收消息队列/发消息队列大小分别为(0/0)，丢弃的待发送数据包数量为0。
2021/05/04 17:19:48 [stderr] 9741: nginx: -------------------------------------end---------------------------------------
2021/05/04 17:20:09 [stderr] 9741: nginx: ------------------------------------begin--------------------------------------
2021/05/04 17:20:09 [stderr] 9741: nginx: 当前在线人数/总人数(202/20480)。
2021/05/04 17:20:09 [stderr] 9741: nginx: 连接池中空闲连接/总连接/要释放的连接(18339/20480/1938)。
2021/05/04 17:20:09 [stderr] 9741: nginx: 当前时间队列大小(202)。
2021/05/04 17:20:09 [stderr] 9741: nginx: 当前收消息队列/发消息队列大小分别为(0/0)，丢弃的待发送数据包数量为0。
2021/05/04 17:20:09 [stderr] 9741: nginx: -------------------------------------end---------------------------------------
2021/05/04 17:20:24 [stderr] 9741: nginx: ------------------------------------begin--------------------------------------
2021/05/04 17:20:24 [stderr] 9741: nginx: 当前在线人数/总人数(0/20480)。
2021/05/04 17:20:24 [stderr] 9741: nginx: 连接池中空闲连接/总连接/要释放的连接(18339/20480/2140)。
2021/05/04 17:20:24 [stderr] 9741: nginx: 当前时间队列大小(0)。
2021/05/04 17:20:24 [stderr] 9741: nginx: 当前收消息队列/发消息队列大小分别为(0/0)，丢弃的待发送数据包数量为0。
2021/05/04 17:20:24 [stderr] 9741: nginx: -------------------------------------end---------------------------------------
2021/05/04 17:20:44 [stderr] 9741: nginx: ------------------------------------begin--------------------------------------
2021/05/04 17:20:44 [stderr] 9741: nginx: 当前在线人数/总人数(1/20480)。
2021/05/04 17:20:44 [stderr] 9741: nginx: 连接池中空闲连接/总连接/要释放的连接(18338/20480/2140)。
2021/05/04 17:20:44 [stderr] 9741: nginx: 当前时间队列大小(1)。
2021/05/04 17:20:44 [stderr] 9741: nginx: 当前收消息队列/发消息队列大小分别为(0/0)，丢弃的待发送数据包数量为0。
2021/05/04 17:20:44 [stderr] 9741: nginx: -------------------------------------end---------------------------------------
2021/05/04 17:23:37 [info] 9939: 监听8888端口成功!
2021/05/04 17:23:37 [notice] 9940: master process ./nginx 9940 【master进程】启动并开始运行......!
2021/05/04 17:23:38 [notice] 9941: worker process 9941 【worker进程】启动并开始运行......!
2021/05/04 17:23:40 [stderr] 9941: nginx: ------------------------------------begin--------------------------------------
2021/05/04 17:23:40 [stderr] 9941: nginx: 当前在线人数/总人数(1/20480)。
2021/05/04 17:23:40 [stderr] 9941: nginx: 连接池中空闲连接/总连接/要释放的连接(20478/20480/0)。
2021/05/04 17:23:40 [stderr] 9941: nginx: 当前时间队列大小(1)。
2021/05/04 17:23:40 [stderr] 9941: nginx: 当前收消息队列/发消息队列大小分别为(0/0)，丢弃的待发送数据包数量为0。
2021/05/04 17:23:40 [stderr] 9941: nginx: -------------------------------------end---------------------------------------
2021/05/04 17:24:30 [stderr] 9941: nginx: ------------------------------------begin--------------------------------------
2021/05/04 17:24:30 [stderr] 9941: nginx: 当前在线人数/总人数(1/20480)。
2021/05/04 17:24:30 [stderr] 9941: nginx: 连接池中空闲连接/总连接/要释放的连接(20477/20480/1)。
2021/05/04 17:24:30 [stderr] 9941: nginx: 当前时间队列大小(1)。
2021/05/04 17:24:30 [stderr] 9941: nginx: 当前收消息队列/发消息队列大小分别为(0/0)，丢弃的待发送数据包数量为0。
2021/05/04 17:24:30 [stderr] 9941: nginx: -------------------------------------end---------------------------------------
